0 info it worked if it ends with ok
1 verbose cli [ '/usr/local/bin/node',
1 verbose cli   '/usr/local/bin/npm',
1 verbose cli   'install',
1 verbose cli   '-g',
1 verbose cli   'surge' ]
2 info using npm@2.14.4
3 info using node@v4.1.1
4 verbose install initial load of /usr/local/lib/package.json
5 verbose readDependencies loading dependencies from /usr/local/lib/package.json
6 silly cache add args [ 'surge', null ]
7 verbose cache add spec surge
8 silly cache add parsed spec Result {
8 silly cache add   raw: 'surge',
8 silly cache add   scope: null,
8 silly cache add   name: 'surge',
8 silly cache add   rawSpec: '',
8 silly cache add   spec: '*',
8 silly cache add   type: 'range' }
9 silly addNamed surge@*
10 verbose addNamed "*" is a valid semver range for surge
11 silly addNameRange { name: 'surge', range: '*', hasData: false }
12 silly mapToRegistry name surge
13 silly mapToRegistry using default registry
14 silly mapToRegistry registry https://registry.npmjs.org/
15 silly mapToRegistry uri https://registry.npmjs.org/surge
16 verbose addNameRange registry:https://registry.npmjs.org/surge not in flight; fetching
17 verbose request uri https://registry.npmjs.org/surge
18 verbose request no auth needed
19 info attempt registry request try #1 at 11:17:18 AM
20 verbose request id 1194208ab6172ba1
21 http request GET https://registry.npmjs.org/surge
22 http 200 https://registry.npmjs.org/surge
23 silly get cb [ 200,
23 silly get   { server: 'CouchDB/1.5.0 (Erlang OTP/R16B03)',
23 silly get     etag: '"7LLN9IISKFH7LRZVNWQF1PF8W"',
23 silly get     'content-type': 'application/json',
23 silly get     'cache-control': 'max-age=60',
23 silly get     'content-length': '41228',
23 silly get     'accept-ranges': 'bytes',
23 silly get     date: 'Wed, 28 Oct 2015 18:13:43 GMT',
23 silly get     via: '1.1 varnish',
23 silly get     age: '3',
23 silly get     connection: 'keep-alive',
23 silly get     'x-served-by': 'cache-lax1423-LAX',
23 silly get     'x-cache': 'HIT',
23 silly get     'x-cache-hits': '1',
23 silly get     'x-timer': 'S1446056023.552570,VS0,VE0',
23 silly get     vary: 'Accept' } ]
24 verbose get saving surge to /Users/Prince/.npm/registry.npmjs.org/surge/.cache.json
25 verbose makeDirectory /Users/Prince/.npm creation not in flight; initializing
26 silly makeDirectory /Users/Prince/.npm uid: 501 gid: 20
27 silly addNameRange number 2 { name: 'surge', range: '*', hasData: true }
28 silly addNameRange versions [ 'surge',
28 silly addNameRange   [ '0.0.0',
28 silly addNameRange     '0.1.0',
28 silly addNameRange     '0.2.0',
28 silly addNameRange     '0.3.0',
28 silly addNameRange     '0.3.1',
28 silly addNameRange     '0.3.2',
28 silly addNameRange     '0.3.3',
28 silly addNameRange     '0.4.0',
28 silly addNameRange     '0.4.1',
28 silly addNameRange     '0.5.0',
28 silly addNameRange     '0.5.1',
28 silly addNameRange     '0.5.2',
28 silly addNameRange     '0.6.0',
28 silly addNameRange     '0.7.0',
28 silly addNameRange     '0.7.1',
28 silly addNameRange     '0.7.2',
28 silly addNameRange     '0.7.3',
28 silly addNameRange     '0.7.4',
28 silly addNameRange     '0.8.0',
28 silly addNameRange     '0.8.1',
28 silly addNameRange     '0.9.0',
28 silly addNameRange     '0.10.0',
28 silly addNameRange     '0.10.1',
28 silly addNameRange     '0.10.2',
28 silly addNameRange     '0.11.0',
28 silly addNameRange     '0.11.1',
28 silly addNameRange     '0.12.0',
28 silly addNameRange     '0.13.0',
28 silly addNameRange     '0.14.0',
28 silly addNameRange     '0.14.1',
28 silly addNameRange     '0.14.2',
28 silly addNameRange     '0.14.3',
28 silly addNameRange     '0.14.4',
28 silly addNameRange     '0.15.0',
28 silly addNameRange     '0.16.0',
28 silly addNameRange     '0.17.0' ] ]
29 silly addNamed surge@0.17.0
30 verbose addNamed "0.17.0" is a plain semver version for surge
31 silly mapToRegistry name surge
32 silly mapToRegistry using default registry
33 silly mapToRegistry registry https://registry.npmjs.org/
34 silly mapToRegistry uri https://registry.npmjs.org/surge
35 verbose addRemoteTarball https://registry.npmjs.org/surge/-/surge-0.17.0.tgz not in flight; adding
36 verbose addRemoteTarball [ 'https://registry.npmjs.org/surge/-/surge-0.17.0.tgz',
36 verbose addRemoteTarball   '0f52d7938d89137ab3d227e7d9343de33859ac2f' ]
37 info retry fetch attempt 1 at 11:17:19 AM
38 info attempt registry request try #1 at 11:17:19 AM
39 http fetch GET https://registry.npmjs.org/surge/-/surge-0.17.0.tgz
40 http fetch 200 https://registry.npmjs.org/surge/-/surge-0.17.0.tgz
41 silly fetchAndShaCheck shasum 0f52d7938d89137ab3d227e7d9343de33859ac2f
42 verbose addTmpTarball /var/folders/x8/qd1qmbg56kj9z_29fn3xy8740000gn/T/npm-4565-972a9617/registry.npmjs.org/surge/-/surge-0.17.0.tgz not in flight; adding
43 verbose addTmpTarball already have metadata; skipping unpack for surge@0.17.0
44 silly cache afterAdd surge@0.17.0
45 verbose afterAdd /Users/Prince/.npm/surge/0.17.0/package/package.json not in flight; writing
46 verbose afterAdd /Users/Prince/.npm/surge/0.17.0/package/package.json written
47 silly install resolved [ { name: 'surge',
47 silly install resolved     version: '0.17.0',
47 silly install resolved     description: 'CDN for front-end developers',
47 silly install resolved     author: { name: 'Brock Whitten', email: 'brock@chloi.io' },
47 silly install resolved     bin: { surge: './lib/cli.js' },
47 silly install resolved     dependencies:
47 silly install resolved      { du: '0.1.0',
47 silly install resolved        'fstream-ignore': '1.0.2',
47 silly install resolved        'is-domain': '0.0.1',
47 silly install resolved        moniker: '0.1.2',
47 silly install resolved        netrc: '0.1.4',
47 silly install resolved        prompt: '~0.2.14',
47 silly install resolved        progress: '1.1.8',
47 silly install resolved        request: '2.40.0',
47 silly install resolved        split: '0.3.1',
47 silly install resolved        'surge-ignore': '0.2.0',
47 silly install resolved        tar: '1.0.0',
47 silly install resolved        'tar.gz': '0.1.1',
47 silly install resolved        'url-parse-as-address': '1.0.0',
47 silly install resolved        read: '1.0.5',
47 silly install resolved        minimist: '1.1.1' },
47 silly install resolved     devDependencies: { mocha: '*', nixt: '0.4.1', should: '7.1.0' },
47 silly install resolved     license: 'ISC',
47 silly install resolved     main: './lib/surge.js',
47 silly install resolved     ignore: [ 'test' ],
47 silly install resolved     scripts: { test: 'mocha' },
47 silly install resolved     repository: { type: 'git', url: 'https://github.com/sintaxi/surge.git' },
47 silly install resolved     gitHead: '3e52852106e1da01ab1557047e857eabb0630015',
47 silly install resolved     bugs: { url: 'https://github.com/sintaxi/surge/issues' },
47 silly install resolved     homepage: 'https://github.com/sintaxi/surge',
47 silly install resolved     _id: 'surge@0.17.0',
47 silly install resolved     _shasum: '0f52d7938d89137ab3d227e7d9343de33859ac2f',
47 silly install resolved     _from: 'surge@*',
47 silly install resolved     _npmVersion: '2.14.4',
47 silly install resolved     _nodeVersion: '4.1.2',
47 silly install resolved     _npmUser: { name: 'sintaxi', email: 'brock@sintaxi.com' },
47 silly install resolved     maintainers: [ [Object] ],
47 silly install resolved     dist:
47 silly install resolved      { shasum: '0f52d7938d89137ab3d227e7d9343de33859ac2f',
47 silly install resolved        tarball: 'http://registry.npmjs.org/surge/-/surge-0.17.0.tgz' },
47 silly install resolved     directories: {},
47 silly install resolved     _resolved: 'https://registry.npmjs.org/surge/-/surge-0.17.0.tgz' } ]
48 info install surge@0.17.0 into /usr/local/lib
49 info installOne surge@0.17.0
50 verbose installOne of surge to /usr/local/lib not in flight; installing
51 verbose makeDirectory /Users/Prince/.npm/_locks creation not in flight; initializing
52 silly makeDirectory /Users/Prince/.npm/_locks uid: 501 gid: 20
53 verbose lock using /Users/Prince/.npm/_locks/surge-9264acc302f55897.lock for /usr/local/lib/node_modules/surge
54 silly install write writing surge 0.17.0 to /usr/local/lib/node_modules/surge
55 verbose unbuild lib/node_modules/surge
56 silly gentlyRm /usr/local/lib/node_modules/surge is being purged from base /usr/local
57 verbose gentlyRm don't care about contents; nuking /usr/local/lib/node_modules/surge
58 verbose tar unpack /Users/Prince/.npm/surge/0.17.0/package.tgz
59 verbose tar unpacking to /usr/local/lib/node_modules/surge
60 silly gentlyRm /usr/local/lib/node_modules/surge is being purged
61 verbose gentlyRm don't care about contents; nuking /usr/local/lib/node_modules/surge
62 silly gunzTarPerm modes [ '755', '644' ]
63 error tar.unpack untar error /Users/Prince/.npm/surge/0.17.0/package.tgz
64 verbose unlock done using /Users/Prince/.npm/_locks/surge-9264acc302f55897.lock for /usr/local/lib/node_modules/surge
65 verbose fstream_path /usr/local/lib/node_modules/surge
66 verbose fstream_type Directory
67 verbose fstream_class DirWriter
68 verbose stack Error: EACCES: permission denied, mkdir '/usr/local/lib/node_modules/surge'
68 verbose stack     at Error (native)
69 verbose fstream_stack /usr/local/lib/node_modules/npm/node_modules/fstream/lib/dir-writer.js:35:25
69 verbose fstream_stack /usr/local/lib/node_modules/npm/node_modules/mkdirp/index.js:47:53
69 verbose fstream_stack FSReqWrap.oncomplete (fs.js:82:15)
70 verbose cwd /Users/Prince/Desktop/Thursday
71 error Darwin 14.5.0
72 error argv "/usr/local/bin/node" "/usr/local/bin/npm" "install" "-g" "surge"
73 error node v4.1.1
74 error npm  v2.14.4
75 error path /usr/local/lib/node_modules/surge
76 error code EACCES
77 error errno -13
78 error syscall mkdir
79 error Error: EACCES: permission denied, mkdir '/usr/local/lib/node_modules/surge'
79 error     at Error (native)
79 error  { [Error: EACCES: permission denied, mkdir '/usr/local/lib/node_modules/surge']
79 error   errno: -13,
79 error   code: 'EACCES',
79 error   syscall: 'mkdir',
79 error   path: '/usr/local/lib/node_modules/surge',
79 error   fstream_type: 'Directory',
79 error   fstream_path: '/usr/local/lib/node_modules/surge',
79 error   fstream_class: 'DirWriter',
79 error   fstream_stack:
79 error    [ '/usr/local/lib/node_modules/npm/node_modules/fstream/lib/dir-writer.js:35:25',
79 error      '/usr/local/lib/node_modules/npm/node_modules/mkdirp/index.js:47:53',
79 error      'FSReqWrap.oncomplete (fs.js:82:15)' ] }
80 error Please try running this command again as root/Administrator.
81 verbose exit [ -13, true ]
82 verbose unbuild lib/node_modules/surge
83 silly gentlyRm /usr/local/lib/node_modules/surge is being purged from base /usr/local
84 verbose gentlyRm don't care about contents; nuking /usr/local/lib/node_modules/surge
